<?xml version="1.0" encoding="UTF-8"?>
<!-- Generated by org.testng.reporters.JUnitXMLReporter -->
<testsuite hostname="MATHER-PC" ignored="0" name="Test" tests="3" failures="0" timestamp="2021-10-17T01:59:49 IST" time="47.47" errors="0">
  <testcase name="createLead" time="16.129" classname="testCases.CreateLead"/>
  <testcase name="editLead" time="22.061" classname="testCases.DeleteLead"/>
  <testcase name="editLead" time="14.459" classname="testCases.EditLead"/>
</testsuite> <!-- Test -->
